     1 00000000 B800B8                  mov ax,0xb800
     2 00000003 8ED8                    mov ds,ax
     3                                  
     4 00000005 C60600004C              mov byte [0x00], 'L'
     5 0000000A C606020061              mov byte [0x02], 'a'
     6 0000000F C606040062              mov byte [0x04], 'b'
     7 00000014 C606060065              mov byte [0x06], 'e'
     8 00000019 C60608006C              mov byte [0x08], 'l'
     9 0000001E C6060A0020              mov byte [0x0a], ' '
    10 00000023 C6060C006F              mov byte [0x0c], 'o'
    11 00000028 C6060E0066              mov byte [0x0e], 'f'
    12 0000002D C606100066              mov byte [0x10], 'f'
    13 00000032 C606120073              mov byte [0x12], 's'
    14 00000037 C606140065              mov byte [0x14], 'e'
    15 0000003C C606160074              mov byte [0x16], 't'
    16 00000041 C60618003A              mov byte [0x18], ':'
    17                                  
    18 00000046 EBFE                    jmp $
    19                                  
    20                                  ; 填充空白字节
    21 00000048 00<rep 1B6h>            times 510-($-$$) db 0
    22 000001FE 55AA                    dw 0aa55H
